<?xml version="1.0" encoding="UTF-8"?>
<testng-results ignored="0" total="2" passed="2" failed="0" skipped="0">
  <reporter-output>
  </reporter-output>
  <suite started-at="2025-03-04T12:26:24 IST" name="Default suite" finished-at="2025-03-04T12:27:22 IST" duration-ms="57834">
    <groups>
      <group name="cucumber">
        <method signature="AbstractTestNGCucumberTests.runScenario(io.cucumber.testng.PickleWrapper,io.cucumber.testng.FeatureWrapper)[pri:0, instance:testrunner.stockpurchase@5386659f]" name="runScenario" class="io.cucumber.testng.AbstractTestNGCucumberTests"/>
      </group> <!-- cucumber -->
    </groups>
    <test started-at="2025-03-04T12:26:24 IST" name="Default test" finished-at="2025-03-04T12:27:22 IST" duration-ms="57834">
      <class name="testrunner.stockpurchase">
        <test-method is-config="true" signature="setUpClass(org.testng.ITestContext)[pri:0, instance:testrunner.stockpurchase@5386659f]" started-at="2025-03-04T12:26:24 IST" name="setUpClass" finished-at="2025-03-04T12:26:25 IST" duration-ms="533" status="PASS">
          <params>
            <param index="0">
              <value>
                <![CDATA[org.testng.TestRunner@2b2f5fcf]]>
              </value>
            </param>
          </params>
          <reporter-output>
          </reporter-output>
        </test-method> <!-- setUpClass -->
        <test-method signature="runScenario(io.cucumber.testng.PickleWrapper,io.cucumber.testng.FeatureWrapper)[pri:0, instance:testrunner.stockpurchase@5386659f]" started-at="2025-03-04T12:26:25 IST" name="runScenario" description="Runs Cucumber Scenarios" data-provider="scenarios" finished-at="2025-03-04T12:26:55 IST" duration-ms="30088" status="PASS">
          <params>
            <param index="0">
              <value>
                <![CDATA["stock purchase order"]]>
              </value>
            </param>
            <param index="1">
              <value>
                <![CDATA["Purchase order"]]>
              </value>
            </param>
          </params>
          <reporter-output>
          </reporter-output>
        </test-method> <!-- runScenario -->
        <test-method signature="runScenario(io.cucumber.testng.PickleWrapper,io.cucumber.testng.FeatureWrapper)[pri:0, instance:testrunner.stockpurchase@5386659f]" started-at="2025-03-04T12:26:55 IST" name="runScenario" description="Runs Cucumber Scenarios" data-provider="scenarios" finished-at="2025-03-04T12:27:22 IST" duration-ms="27133" status="PASS">
          <params>
            <param index="0">
              <value>
                <![CDATA["stock purchase order"]]>
              </value>
            </param>
            <param index="1">
              <value>
                <![CDATA["Purchase order"]]>
              </value>
            </param>
          </params>
          <reporter-output>
          </reporter-output>
        </test-method> <!-- runScenario -->
        <test-method is-config="true" signature="tearDownClass()[pri:0, instance:testrunner.stockpurchase@5386659f]" started-at="2025-03-04T12:27:22 IST" name="tearDownClass" finished-at="2025-03-04T12:27:22 IST" duration-ms="7" status="PASS">
          <reporter-output>
          </reporter-output>
        </test-method> <!-- tearDownClass -->
      </class> <!-- testrunner.stockpurchase -->
    </test> <!-- Default test -->
  </suite> <!-- Default suite -->
</testng-results>
