<?xml version="1.0" encoding="UTF-8"?>
<testng-results ignored="0" total="2" passed="2" failed="0" skipped="0">
  <reporter-output>
  </reporter-output>
  <suite started-at="2025-03-01T12:47:01 IST" name="purchase" finished-at="2025-03-01T12:47:55 IST" duration-ms="54630">
    <groups>
      <group name="cucumber">
        <method signature="AbstractTestNGCucumberTests.runScenario(io.cucumber.testng.PickleWrapper,io.cucumber.testng.FeatureWrapper)[pri:0, instance:testrunner.stockpurchase@68c9133c]" name="runScenario" class="io.cucumber.testng.AbstractTestNGCucumberTests"/>
      </group> <!-- cucumber -->
    </groups>
    <test started-at="2025-03-01T12:47:01 IST" name="purchase" finished-at="2025-03-01T12:47:55 IST" duration-ms="54630">
      <class name="testrunner.stockpurchase">
        <test-method is-config="true" signature="setUpClass(org.testng.ITestContext)[pri:0, instance:testrunner.stockpurchase@68c9133c]" started-at="2025-03-01T12:47:01 IST" name="setUpClass" finished-at="2025-03-01T12:47:01 IST" duration-ms="429" status="PASS">
          <params>
            <param index="0">
              <value>
                <![CDATA[org.testng.TestRunner@a62c7cd]]>
              </value>
            </param>
          </params>
          <reporter-output>
          </reporter-output>
        </test-method> <!-- setUpClass -->
        <test-method signature="runScenario(io.cucumber.testng.PickleWrapper,io.cucumber.testng.FeatureWrapper)[pri:0, instance:testrunner.stockpurchase@68c9133c]" started-at="2025-03-01T12:47:01 IST" name="runScenario" description="Runs Cucumber Scenarios" data-provider="scenarios" finished-at="2025-03-01T12:47:29 IST" duration-ms="27720" status="PASS">
          <params>
            <param index="0">
              <value>
                <![CDATA["stock purchase order"]]>
              </value>
            </param>
            <param index="1">
              <value>
                <![CDATA["Purchase order"]]>
              </value>
            </param>
          </params>
          <reporter-output>
          </reporter-output>
        </test-method> <!-- runScenario -->
        <test-method signature="runScenario(io.cucumber.testng.PickleWrapper,io.cucumber.testng.FeatureWrapper)[pri:0, instance:testrunner.stockpurchase@68c9133c]" started-at="2025-03-01T12:47:29 IST" name="runScenario" description="Runs Cucumber Scenarios" data-provider="scenarios" finished-at="2025-03-01T12:47:55 IST" duration-ms="26373" status="PASS">
          <params>
            <param index="0">
              <value>
                <![CDATA["stock purchase order"]]>
              </value>
            </param>
            <param index="1">
              <value>
                <![CDATA["Purchase order"]]>
              </value>
            </param>
          </params>
          <reporter-output>
          </reporter-output>
        </test-method> <!-- runScenario -->
        <test-method is-config="true" signature="tearDownClass()[pri:0, instance:testrunner.stockpurchase@68c9133c]" started-at="2025-03-01T12:47:55 IST" name="tearDownClass" finished-at="2025-03-01T12:47:55 IST" duration-ms="6" status="PASS">
          <reporter-output>
          </reporter-output>
        </test-method> <!-- tearDownClass -->
      </class> <!-- testrunner.stockpurchase -->
    </test> <!-- purchase -->
  </suite> <!-- purchase -->
</testng-results>
